<?xml version="1.0" encoding="UTF-8"?>
<testng-results ignored="0" total="4" passed="4" failed="0" skipped="0">
  <reporter-output>
  </reporter-output>
  <suite started-at="2023-09-10T16:21:17 IST" name="Suite" finished-at="2023-09-10T16:22:01 IST" duration-ms="44452">
    <groups>
    </groups>
    <test started-at="2023-09-10T16:21:17 IST" name="Test1" finished-at="2023-09-10T16:21:56 IST" duration-ms="39029">
      <class name="com.obsqura.tests.LoginTest">
        <test-method is-config="true" signature="InitializeDriver()[pri:0, instance:com.obsqura.tests.LoginTest@248e319b]" started-at="2023-09-10T16:21:17 IST" name="InitializeDriver" finished-at="2023-09-10T16:21:45 IST" duration-ms="28228" status="PASS">
          <reporter-output>
          </reporter-output>
        </test-method> <!-- InitializeDriver -->
        <test-method signature="MyLoginTest()[pri:0, instance:com.obsqura.tests.LoginTest@248e319b]" started-at="2023-09-10T16:21:45 IST" name="MyLoginTest" finished-at="2023-09-10T16:21:51 IST" duration-ms="5923" status="PASS">
          <reporter-output>
          </reporter-output>
        </test-method> <!-- MyLoginTest -->
        <test-method is-config="true" signature="TearDown()[pri:0, instance:com.obsqura.tests.LoginTest@248e319b]" started-at="2023-09-10T16:21:51 IST" name="TearDown" finished-at="2023-09-10T16:21:56 IST" duration-ms="4783" status="PASS">
          <reporter-output>
          </reporter-output>
        </test-method> <!-- TearDown -->
      </class> <!-- com.obsqura.tests.LoginTest -->
    </test> <!-- Test1 -->
    <test started-at="2023-09-10T16:21:17 IST" name="Test4" finished-at="2023-09-10T16:22:01 IST" duration-ms="44262">
      <class name="com.obsqura.tests.CreateDeliveryBoy">
        <test-method is-config="true" signature="InitializeDriver()[pri:0, instance:com.obsqura.tests.CreateDeliveryBoy@496bc455]" started-at="2023-09-10T16:21:17 IST" name="InitializeDriver" finished-at="2023-09-10T16:21:45 IST" duration-ms="28348" status="PASS">
          <reporter-output>
          </reporter-output>
        </test-method> <!-- InitializeDriver -->
        <test-method signature="CreateDeliveryBoyTest()[pri:0, instance:com.obsqura.tests.CreateDeliveryBoy@496bc455]" started-at="2023-09-10T16:21:45 IST" name="CreateDeliveryBoyTest" finished-at="2023-09-10T16:21:57 IST" duration-ms="11622" status="PASS">
          <reporter-output>
          </reporter-output>
        </test-method> <!-- CreateDeliveryBoyTest -->
        <test-method is-config="true" signature="TearDown()[pri:0, instance:com.obsqura.tests.CreateDeliveryBoy@496bc455]" started-at="2023-09-10T16:21:57 IST" name="TearDown" finished-at="2023-09-10T16:22:01 IST" duration-ms="4213" status="PASS">
          <reporter-output>
          </reporter-output>
        </test-method> <!-- TearDown -->
      </class> <!-- com.obsqura.tests.CreateDeliveryBoy -->
    </test> <!-- Test4 -->
    <test started-at="2023-09-10T16:21:17 IST" name="Test2" finished-at="2023-09-10T16:22:01 IST" duration-ms="44432">
      <class name="com.obsqura.tests.SearchProductTest">
        <test-method is-config="true" signature="InitializeDriver()[pri:0, instance:com.obsqura.tests.SearchProductTest@7c137fd5]" started-at="2023-09-10T16:21:17 IST" name="InitializeDriver" finished-at="2023-09-10T16:21:45 IST" duration-ms="28120" status="PASS">
          <reporter-output>
          </reporter-output>
        </test-method> <!-- InitializeDriver -->
        <test-method signature="MySearchProductTest()[pri:0, instance:com.obsqura.tests.SearchProductTest@7c137fd5]" started-at="2023-09-10T16:21:45 IST" name="MySearchProductTest" finished-at="2023-09-10T16:21:59 IST" duration-ms="13807" status="PASS">
          <reporter-output>
          </reporter-output>
        </test-method> <!-- MySearchProductTest -->
        <test-method is-config="true" signature="TearDown()[pri:0, instance:com.obsqura.tests.SearchProductTest@7c137fd5]" started-at="2023-09-10T16:21:59 IST" name="TearDown" finished-at="2023-09-10T16:22:01 IST" duration-ms="2430" status="PASS">
          <reporter-output>
          </reporter-output>
        </test-method> <!-- TearDown -->
      </class> <!-- com.obsqura.tests.SearchProductTest -->
    </test> <!-- Test2 -->
    <test started-at="2023-09-10T16:21:17 IST" name="Test3" finished-at="2023-09-10T16:22:01 IST" duration-ms="44452">
      <class name="com.obsqura.tests.CreateandDeleteExpense">
        <test-method is-config="true" signature="InitializeDriver()[pri:0, instance:com.obsqura.tests.CreateandDeleteExpense@3e08ff24]" started-at="2023-09-10T16:21:17 IST" name="InitializeDriver" finished-at="2023-09-10T16:21:46 IST" duration-ms="29435" status="PASS">
          <reporter-output>
          </reporter-output>
        </test-method> <!-- InitializeDriver -->
        <test-method signature="MyCreateDeleteExpense()[pri:0, instance:com.obsqura.tests.CreateandDeleteExpense@3e08ff24]" started-at="2023-09-10T16:21:46 IST" name="MyCreateDeleteExpense" finished-at="2023-09-10T16:22:00 IST" duration-ms="14117" status="PASS">
          <reporter-output>
          </reporter-output>
        </test-method> <!-- MyCreateDeleteExpense -->
        <test-method is-config="true" signature="TearDown()[pri:0, instance:com.obsqura.tests.CreateandDeleteExpense@3e08ff24]" started-at="2023-09-10T16:22:00 IST" name="TearDown" finished-at="2023-09-10T16:22:01 IST" duration-ms="822" status="PASS">
          <reporter-output>
          </reporter-output>
        </test-method> <!-- TearDown -->
      </class> <!-- com.obsqura.tests.CreateandDeleteExpense -->
    </test> <!-- Test3 -->
  </suite> <!-- Suite -->
</testng-results>
